<?xml version="1.0" encoding="UTF-8"?>
<!-- Generated by org.testng.reporters.JUnitXMLReporter -->
<testsuite ignored="0" hostname="DESKTOP-LOKGKB2" failures="0" tests="19" name="Test" time="140.958" errors="0" timestamp="2025-09-14T16:17:43 IST">
  <testcase classname="com.OpenCart.TestCases.T1_AccountRegistrationPageTest" name="navigatediffwayOfRegister" time="0.642"/>
  <testcase classname="com.OpenCart.TestCases.T1_AccountRegistrationPageTest" name="validateMandatoryField" time="2.846"/>
  <testcase classname="com.OpenCart.TestCases.T1_AccountRegistrationPageTest" name="validateNewsletterNoButton" time="2.661"/>
  <testcase classname="com.OpenCart.TestCases.T1_AccountRegistrationPageTest" name="validateNewsletterYesButton" time="4.052"/>
  <testcase classname="com.OpenCart.TestCases.T1_AccountRegistrationPageTest" name="validateWithInvalidEmail" time="1.397"/>
  <testcase classname="com.OpenCart.TestCases.T1_AccountRegistrationPageTest" name="validateWithInvalidphone" time="1.403"/>
  <testcase classname="com.OpenCart.TestCases.T1_AccountRegistrationPageTest" name="validatebothpassword" time="1.72"/>
  <testcase classname="com.OpenCart.TestCases.T2_LoginPageTest" name="TC_LF_002_validateWithInvalidCred" time="1.676"/>
  <testcase classname="com.OpenCart.TestCases.T2_LoginPageTest" name="TC_LF_003_invalidEmailvalidPassward" time="1.701"/>
  <testcase classname="com.OpenCart.TestCases.T2_LoginPageTest" name="TC_LF_004_validEmailinvalidpassward" time="2.544"/>
  <testcase classname="com.OpenCart.TestCases.T2_LoginPageTest" name="TC_LF_005_validateWithoutCredentials" time="1.822"/>
  <testcase classname="com.OpenCart.TestCases.T2_LoginPageTest" name="TC_LF_006_ValidateForgottenPasswordLnk" time="0.813"/>
  <testcase classname="com.OpenCart.TestCases.T2_LoginPageTest" name="TC_LF_007_ValidatewithKeyboardkeys" time="1.87"/>
  <testcase classname="com.OpenCart.TestCases.T2_LoginPageTest" name="TC_LF_008_ValidatePlaceholderText" time="0.376"/>
  <testcase classname="com.OpenCart.TestCases.T2_LoginPageTest" name="TC_LF_013_validatePaaswordVisibility" time="0.376"/>
  <testcase classname="com.OpenCart.TestCases.T2_LoginPageTest" name="varifyUrl" time="0.014"/>
  <testcase classname="com.OpenCart.TestCases.T2_LoginPageTest" name="varifyTitle" time="0.281"/>
  <testcase classname="com.OpenCart.TestCases.T2_LoginPageTest" name="TC_LF_001_validateLoginFunctionality" time="1.838"/>
  <testcase classname="com.OpenCart.TestCases.T2_LoginPageTest" name="TC_LF_009_validateBrowserbackbutton" time="6.725"/>
</testsuite> <!-- Test -->
