<?xml version="1.0" encoding="UTF-8"?>
<!-- Generated by org.testng.reporters.JUnitXMLReporter -->
<testsuite ignored="11" hostname="DESKTOP-LOKGKB2" failures="0" tests="1" name="Test(failed)" time="8.767" errors="0" timestamp="2025-09-14T15:10:48 IST">
  <testcase classname="com.OpenCart.TestCases.T2_LoginPageTest" name="TC_LF_009_validateBrowserbackbutton" time="1.948"/>
  <testcase classname="com.OpenCart.TestCases.T2_LoginPageTest" name="TC_LF_002_validateWithInvalidCred" time="0.0">
    <ignored/>
  </testcase> <!-- TC_LF_002_validateWithInvalidCred -->
  <testcase classname="com.OpenCart.TestCases.T2_LoginPageTest" name="TC_LF_003_invalidEmailvalidPassward" time="0.0">
    <ignored/>
  </testcase> <!-- TC_LF_003_invalidEmailvalidPassward -->
  <testcase classname="com.OpenCart.TestCases.T2_LoginPageTest" name="varifyUrl" time="0.0">
    <ignored/>
  </testcase> <!-- varifyUrl -->
  <testcase classname="com.OpenCart.TestCases.T2_LoginPageTest" name="TC_LF_013_validatePaaswordVisibility" time="0.0">
    <ignored/>
  </testcase> <!-- TC_LF_013_validatePaaswordVisibility -->
  <testcase classname="com.OpenCart.TestCases.T2_LoginPageTest" name="varifyTitle" time="0.0">
    <ignored/>
  </testcase> <!-- varifyTitle -->
  <testcase classname="com.OpenCart.TestCases.T2_LoginPageTest" name="TC_LF_006_ValidateForgottenPasswordLnk" time="0.0">
    <ignored/>
  </testcase> <!-- TC_LF_006_ValidateForgottenPasswordLnk -->
  <testcase classname="com.OpenCart.TestCases.T2_LoginPageTest" name="TC_LF_004_validEmailinvalidpassward" time="0.0">
    <ignored/>
  </testcase> <!-- TC_LF_004_validEmailinvalidpassward -->
  <testcase classname="com.OpenCart.TestCases.T2_LoginPageTest" name="TC_LF_007_ValidatewithKeyboardkeys" time="0.0">
    <ignored/>
  </testcase> <!-- TC_LF_007_ValidatewithKeyboardkeys -->
  <testcase classname="com.OpenCart.TestCases.T2_LoginPageTest" name="TC_LF_005_validateWithoutCredentials" time="0.0">
    <ignored/>
  </testcase> <!-- TC_LF_005_validateWithoutCredentials -->
  <testcase classname="com.OpenCart.TestCases.T2_LoginPageTest" name="TC_LF_001_validateLoginFunctionality" time="0.0">
    <ignored/>
  </testcase> <!-- TC_LF_001_validateLoginFunctionality -->
  <testcase classname="com.OpenCart.TestCases.T2_LoginPageTest" name="TC_LF_008_ValidatePlaceholderText" time="0.0">
    <ignored/>
  </testcase> <!-- TC_LF_008_ValidatePlaceholderText -->
</testsuite> <!-- Test(failed) -->
