<?xml version="1.0" encoding="UTF-8"?>
<testng-results ignored="0" total="19" passed="19" failed="0" skipped="0">
  <reporter-output>
  </reporter-output>
  <suite started-at="2025-09-14T16:15:22 IST" name="Suite" finished-at="2025-09-14T16:17:43 IST" duration-ms="140958">
    <groups>
    </groups>
    <test started-at="2025-09-14T16:15:22 IST" name="Test" finished-at="2025-09-14T16:17:43 IST" duration-ms="140958">
      <class name="com.OpenCart.TestCases.T2_LoginPageTest">
        <test-method is-config="true" signature="setUp()[pri:0, instance:com.OpenCart.TestCases.T2_LoginPageTest@6069db50]" started-at="2025-09-14T16:16:18 IST" name="setUp" finished-at="2025-09-14T16:16:22 IST" duration-ms="4173" status="PASS">
          <reporter-output>
          </reporter-output>
        </test-method> <!-- setUp -->
        <test-method signature="TC_LF_002_validateWithInvalidCred()[pri:0, instance:com.OpenCart.TestCases.T2_LoginPageTest@6069db50]" started-at="2025-09-14T16:16:22 IST" name="TC_LF_002_validateWithInvalidCred" finished-at="2025-09-14T16:16:24 IST" duration-ms="1676" status="PASS">
          <reporter-output>
          </reporter-output>
        </test-method> <!-- TC_LF_002_validateWithInvalidCred -->
        <test-method is-config="true" signature="tearDown()[pri:0, instance:com.OpenCart.TestCases.T2_LoginPageTest@6069db50]" started-at="2025-09-14T16:16:24 IST" name="tearDown" finished-at="2025-09-14T16:16:24 IST" duration-ms="321" status="PASS">
          <reporter-output>
          </reporter-output>
        </test-method> <!-- tearDown -->
        <test-method is-config="true" signature="waitForTest()[pri:0, instance:com.OpenCart.TestCases.T2_LoginPageTest@6069db50]" started-at="2025-09-14T16:16:25 IST" name="waitForTest" finished-at="2025-09-14T16:16:26 IST" duration-ms="1013" status="PASS">
          <reporter-output>
          </reporter-output>
        </test-method> <!-- waitForTest -->
        <test-method is-config="true" signature="setUp()[pri:0, instance:com.OpenCart.TestCases.T2_LoginPageTest@6069db50]" started-at="2025-09-14T16:16:26 IST" name="setUp" finished-at="2025-09-14T16:16:30 IST" duration-ms="4324" status="PASS">
          <reporter-output>
          </reporter-output>
        </test-method> <!-- setUp -->
        <test-method signature="TC_LF_003_invalidEmailvalidPassward()[pri:0, instance:com.OpenCart.TestCases.T2_LoginPageTest@6069db50]" started-at="2025-09-14T16:16:30 IST" name="TC_LF_003_invalidEmailvalidPassward" finished-at="2025-09-14T16:16:32 IST" duration-ms="1701" status="PASS">
          <reporter-output>
          </reporter-output>
        </test-method> <!-- TC_LF_003_invalidEmailvalidPassward -->
        <test-method is-config="true" signature="tearDown()[pri:0, instance:com.OpenCart.TestCases.T2_LoginPageTest@6069db50]" started-at="2025-09-14T16:16:32 IST" name="tearDown" finished-at="2025-09-14T16:16:32 IST" duration-ms="635" status="PASS">
          <reporter-output>
          </reporter-output>
        </test-method> <!-- tearDown -->
        <test-method is-config="true" signature="waitForTest()[pri:0, instance:com.OpenCart.TestCases.T2_LoginPageTest@6069db50]" started-at="2025-09-14T16:16:32 IST" name="waitForTest" finished-at="2025-09-14T16:16:33 IST" duration-ms="1005" status="PASS">
          <reporter-output>
          </reporter-output>
        </test-method> <!-- waitForTest -->
        <test-method is-config="true" signature="setUp()[pri:0, instance:com.OpenCart.TestCases.T2_LoginPageTest@6069db50]" started-at="2025-09-14T16:16:33 IST" name="setUp" finished-at="2025-09-14T16:16:37 IST" duration-ms="4207" status="PASS">
          <reporter-output>
          </reporter-output>
        </test-method> <!-- setUp -->
        <test-method signature="TC_LF_004_validEmailinvalidpassward()[pri:0, instance:com.OpenCart.TestCases.T2_LoginPageTest@6069db50]" started-at="2025-09-14T16:16:37 IST" name="TC_LF_004_validEmailinvalidpassward" finished-at="2025-09-14T16:16:40 IST" duration-ms="2544" status="PASS">
          <reporter-output>
          </reporter-output>
        </test-method> <!-- TC_LF_004_validEmailinvalidpassward -->
        <test-method is-config="true" signature="tearDown()[pri:0, instance:com.OpenCart.TestCases.T2_LoginPageTest@6069db50]" started-at="2025-09-14T16:16:40 IST" name="tearDown" finished-at="2025-09-14T16:16:40 IST" duration-ms="323" status="PASS">
          <reporter-output>
          </reporter-output>
        </test-method> <!-- tearDown -->
        <test-method is-config="true" signature="waitForTest()[pri:0, instance:com.OpenCart.TestCases.T2_LoginPageTest@6069db50]" started-at="2025-09-14T16:16:40 IST" name="waitForTest" finished-at="2025-09-14T16:16:41 IST" duration-ms="1009" status="PASS">
          <reporter-output>
          </reporter-output>
        </test-method> <!-- waitForTest -->
        <test-method is-config="true" signature="setUp()[pri:0, instance:com.OpenCart.TestCases.T2_LoginPageTest@6069db50]" started-at="2025-09-14T16:16:41 IST" name="setUp" finished-at="2025-09-14T16:16:45 IST" duration-ms="3947" status="PASS">
          <reporter-output>
          </reporter-output>
        </test-method> <!-- setUp -->
        <test-method signature="TC_LF_005_validateWithoutCredentials()[pri:0, instance:com.OpenCart.TestCases.T2_LoginPageTest@6069db50]" started-at="2025-09-14T16:16:45 IST" name="TC_LF_005_validateWithoutCredentials" finished-at="2025-09-14T16:16:47 IST" duration-ms="1822" status="PASS">
          <reporter-output>
          </reporter-output>
        </test-method> <!-- TC_LF_005_validateWithoutCredentials -->
        <test-method is-config="true" signature="tearDown()[pri:0, instance:com.OpenCart.TestCases.T2_LoginPageTest@6069db50]" started-at="2025-09-14T16:16:47 IST" name="tearDown" finished-at="2025-09-14T16:16:47 IST" duration-ms="322" status="PASS">
          <reporter-output>
          </reporter-output>
        </test-method> <!-- tearDown -->
        <test-method is-config="true" signature="waitForTest()[pri:0, instance:com.OpenCart.TestCases.T2_LoginPageTest@6069db50]" started-at="2025-09-14T16:16:47 IST" name="waitForTest" finished-at="2025-09-14T16:16:48 IST" duration-ms="1011" status="PASS">
          <reporter-output>
          </reporter-output>
        </test-method> <!-- waitForTest -->
        <test-method is-config="true" signature="setUp()[pri:0, instance:com.OpenCart.TestCases.T2_LoginPageTest@6069db50]" started-at="2025-09-14T16:16:48 IST" name="setUp" finished-at="2025-09-14T16:16:52 IST" duration-ms="3910" status="PASS">
          <reporter-output>
          </reporter-output>
        </test-method> <!-- setUp -->
        <test-method signature="TC_LF_006_ValidateForgottenPasswordLnk()[pri:0, instance:com.OpenCart.TestCases.T2_LoginPageTest@6069db50]" started-at="2025-09-14T16:16:52 IST" name="TC_LF_006_ValidateForgottenPasswordLnk" finished-at="2025-09-14T16:16:53 IST" duration-ms="813" status="PASS">
          <reporter-output>
          </reporter-output>
        </test-method> <!-- TC_LF_006_ValidateForgottenPasswordLnk -->
        <test-method is-config="true" signature="tearDown()[pri:0, instance:com.OpenCart.TestCases.T2_LoginPageTest@6069db50]" started-at="2025-09-14T16:16:53 IST" name="tearDown" finished-at="2025-09-14T16:16:53 IST" duration-ms="342" status="PASS">
          <reporter-output>
          </reporter-output>
        </test-method> <!-- tearDown -->
        <test-method is-config="true" signature="waitForTest()[pri:0, instance:com.OpenCart.TestCases.T2_LoginPageTest@6069db50]" started-at="2025-09-14T16:16:53 IST" name="waitForTest" finished-at="2025-09-14T16:16:54 IST" duration-ms="1015" status="PASS">
          <reporter-output>
          </reporter-output>
        </test-method> <!-- waitForTest -->
        <test-method is-config="true" signature="setUp()[pri:0, instance:com.OpenCart.TestCases.T2_LoginPageTest@6069db50]" started-at="2025-09-14T16:16:54 IST" name="setUp" finished-at="2025-09-14T16:16:58 IST" duration-ms="3960" status="PASS">
          <reporter-output>
          </reporter-output>
        </test-method> <!-- setUp -->
        <test-method signature="TC_LF_007_ValidatewithKeyboardkeys()[pri:0, instance:com.OpenCart.TestCases.T2_LoginPageTest@6069db50]" started-at="2025-09-14T16:16:58 IST" name="TC_LF_007_ValidatewithKeyboardkeys" finished-at="2025-09-14T16:17:00 IST" duration-ms="1870" status="PASS">
          <reporter-output>
          </reporter-output>
        </test-method> <!-- TC_LF_007_ValidatewithKeyboardkeys -->
        <test-method is-config="true" signature="tearDown()[pri:0, instance:com.OpenCart.TestCases.T2_LoginPageTest@6069db50]" started-at="2025-09-14T16:17:00 IST" name="tearDown" finished-at="2025-09-14T16:17:01 IST" duration-ms="346" status="PASS">
          <reporter-output>
          </reporter-output>
        </test-method> <!-- tearDown -->
        <test-method is-config="true" signature="waitForTest()[pri:0, instance:com.OpenCart.TestCases.T2_LoginPageTest@6069db50]" started-at="2025-09-14T16:17:01 IST" name="waitForTest" finished-at="2025-09-14T16:17:02 IST" duration-ms="1011" status="PASS">
          <reporter-output>
          </reporter-output>
        </test-method> <!-- waitForTest -->
        <test-method is-config="true" signature="setUp()[pri:0, instance:com.OpenCart.TestCases.T2_LoginPageTest@6069db50]" started-at="2025-09-14T16:17:02 IST" name="setUp" finished-at="2025-09-14T16:17:06 IST" duration-ms="4635" status="PASS">
          <reporter-output>
          </reporter-output>
        </test-method> <!-- setUp -->
        <test-method signature="TC_LF_008_ValidatePlaceholderText()[pri:0, instance:com.OpenCart.TestCases.T2_LoginPageTest@6069db50]" started-at="2025-09-14T16:17:06 IST" name="TC_LF_008_ValidatePlaceholderText" finished-at="2025-09-14T16:17:07 IST" duration-ms="376" status="PASS">
          <reporter-output>
          </reporter-output>
        </test-method> <!-- TC_LF_008_ValidatePlaceholderText -->
        <test-method is-config="true" signature="tearDown()[pri:0, instance:com.OpenCart.TestCases.T2_LoginPageTest@6069db50]" started-at="2025-09-14T16:17:07 IST" name="tearDown" finished-at="2025-09-14T16:17:07 IST" duration-ms="353" status="PASS">
          <reporter-output>
          </reporter-output>
        </test-method> <!-- tearDown -->
        <test-method is-config="true" signature="waitForTest()[pri:0, instance:com.OpenCart.TestCases.T2_LoginPageTest@6069db50]" started-at="2025-09-14T16:17:07 IST" name="waitForTest" finished-at="2025-09-14T16:17:08 IST" duration-ms="1003" status="PASS">
          <reporter-output>
          </reporter-output>
        </test-method> <!-- waitForTest -->
        <test-method is-config="true" signature="setUp()[pri:0, instance:com.OpenCart.TestCases.T2_LoginPageTest@6069db50]" started-at="2025-09-14T16:17:08 IST" name="setUp" finished-at="2025-09-14T16:17:12 IST" duration-ms="4126" status="PASS">
          <reporter-output>
          </reporter-output>
        </test-method> <!-- setUp -->
        <test-method signature="TC_LF_013_validatePaaswordVisibility()[pri:0, instance:com.OpenCart.TestCases.T2_LoginPageTest@6069db50]" started-at="2025-09-14T16:17:12 IST" name="TC_LF_013_validatePaaswordVisibility" finished-at="2025-09-14T16:17:13 IST" duration-ms="376" status="PASS">
          <reporter-output>
          </reporter-output>
        </test-method> <!-- TC_LF_013_validatePaaswordVisibility -->
        <test-method is-config="true" signature="tearDown()[pri:0, instance:com.OpenCart.TestCases.T2_LoginPageTest@6069db50]" started-at="2025-09-14T16:17:13 IST" name="tearDown" finished-at="2025-09-14T16:17:13 IST" duration-ms="316" status="PASS">
          <reporter-output>
          </reporter-output>
        </test-method> <!-- tearDown -->
        <test-method is-config="true" signature="waitForTest()[pri:0, instance:com.OpenCart.TestCases.T2_LoginPageTest@6069db50]" started-at="2025-09-14T16:17:13 IST" name="waitForTest" finished-at="2025-09-14T16:17:14 IST" duration-ms="1012" status="PASS">
          <reporter-output>
          </reporter-output>
        </test-method> <!-- waitForTest -->
        <test-method is-config="true" signature="setUp()[pri:0, instance:com.OpenCart.TestCases.T2_LoginPageTest@6069db50]" started-at="2025-09-14T16:17:14 IST" name="setUp" finished-at="2025-09-14T16:17:18 IST" duration-ms="4136" status="PASS">
          <reporter-output>
          </reporter-output>
        </test-method> <!-- setUp -->
        <test-method signature="varifyUrl()[pri:1, instance:com.OpenCart.TestCases.T2_LoginPageTest@6069db50]" started-at="2025-09-14T16:17:18 IST" name="varifyUrl" finished-at="2025-09-14T16:17:18 IST" duration-ms="14" status="PASS">
          <reporter-output>
          </reporter-output>
        </test-method> <!-- varifyUrl -->
        <test-method is-config="true" signature="tearDown()[pri:0, instance:com.OpenCart.TestCases.T2_LoginPageTest@6069db50]" started-at="2025-09-14T16:17:18 IST" name="tearDown" finished-at="2025-09-14T16:17:19 IST" duration-ms="548" status="PASS">
          <reporter-output>
          </reporter-output>
        </test-method> <!-- tearDown -->
        <test-method is-config="true" signature="waitForTest()[pri:0, instance:com.OpenCart.TestCases.T2_LoginPageTest@6069db50]" started-at="2025-09-14T16:17:19 IST" name="waitForTest" finished-at="2025-09-14T16:17:20 IST" duration-ms="1009" status="PASS">
          <reporter-output>
          </reporter-output>
        </test-method> <!-- waitForTest -->
        <test-method is-config="true" signature="setUp()[pri:0, instance:com.OpenCart.TestCases.T2_LoginPageTest@6069db50]" started-at="2025-09-14T16:17:20 IST" name="setUp" finished-at="2025-09-14T16:17:23 IST" duration-ms="3771" status="PASS">
          <reporter-output>
          </reporter-output>
        </test-method> <!-- setUp -->
        <test-method signature="varifyTitle()[pri:2, instance:com.OpenCart.TestCases.T2_LoginPageTest@6069db50]" started-at="2025-09-14T16:17:23 IST" name="varifyTitle" finished-at="2025-09-14T16:17:24 IST" duration-ms="281" status="PASS">
          <reporter-output>
          </reporter-output>
        </test-method> <!-- varifyTitle -->
        <test-method is-config="true" signature="tearDown()[pri:0, instance:com.OpenCart.TestCases.T2_LoginPageTest@6069db50]" started-at="2025-09-14T16:17:24 IST" name="tearDown" finished-at="2025-09-14T16:17:24 IST" duration-ms="303" status="PASS">
          <reporter-output>
          </reporter-output>
        </test-method> <!-- tearDown -->
        <test-method is-config="true" signature="waitForTest()[pri:0, instance:com.OpenCart.TestCases.T2_LoginPageTest@6069db50]" started-at="2025-09-14T16:17:24 IST" name="waitForTest" finished-at="2025-09-14T16:17:25 IST" duration-ms="1003" status="PASS">
          <reporter-output>
          </reporter-output>
        </test-method> <!-- waitForTest -->
        <test-method is-config="true" signature="setUp()[pri:0, instance:com.OpenCart.TestCases.T2_LoginPageTest@6069db50]" started-at="2025-09-14T16:17:25 IST" name="setUp" finished-at="2025-09-14T16:17:28 IST" duration-ms="2588" status="PASS">
          <reporter-output>
          </reporter-output>
        </test-method> <!-- setUp -->
        <test-method signature="TC_LF_001_validateLoginFunctionality()[pri:3, instance:com.OpenCart.TestCases.T2_LoginPageTest@6069db50]" started-at="2025-09-14T16:17:28 IST" name="TC_LF_001_validateLoginFunctionality" finished-at="2025-09-14T16:17:29 IST" duration-ms="1838" status="PASS">
          <reporter-output>
          </reporter-output>
        </test-method> <!-- TC_LF_001_validateLoginFunctionality -->
        <test-method is-config="true" signature="tearDown()[pri:0, instance:com.OpenCart.TestCases.T2_LoginPageTest@6069db50]" started-at="2025-09-14T16:17:29 IST" name="tearDown" finished-at="2025-09-14T16:17:30 IST" duration-ms="276" status="PASS">
          <reporter-output>
          </reporter-output>
        </test-method> <!-- tearDown -->
        <test-method is-config="true" signature="waitForTest()[pri:0, instance:com.OpenCart.TestCases.T2_LoginPageTest@6069db50]" started-at="2025-09-14T16:17:30 IST" name="waitForTest" finished-at="2025-09-14T16:17:31 IST" duration-ms="1007" status="PASS">
          <reporter-output>
          </reporter-output>
        </test-method> <!-- waitForTest -->
        <test-method is-config="true" signature="setUp()[pri:0, instance:com.OpenCart.TestCases.T2_LoginPageTest@6069db50]" started-at="2025-09-14T16:17:31 IST" name="setUp" finished-at="2025-09-14T16:17:35 IST" duration-ms="4502" status="PASS">
          <reporter-output>
          </reporter-output>
        </test-method> <!-- setUp -->
        <test-method signature="TC_LF_009_validateBrowserbackbutton()[pri:3, instance:com.OpenCart.TestCases.T2_LoginPageTest@6069db50]" started-at="2025-09-14T16:17:35 IST" name="TC_LF_009_validateBrowserbackbutton" finished-at="2025-09-14T16:17:42 IST" duration-ms="6725" status="PASS">
          <reporter-output>
          </reporter-output>
        </test-method> <!-- TC_LF_009_validateBrowserbackbutton -->
        <test-method is-config="true" signature="tearDown()[pri:0, instance:com.OpenCart.TestCases.T2_LoginPageTest@6069db50]" started-at="2025-09-14T16:17:42 IST" name="tearDown" finished-at="2025-09-14T16:17:42 IST" duration-ms="300" status="PASS">
          <reporter-output>
          </reporter-output>
        </test-method> <!-- tearDown -->
        <test-method is-config="true" signature="waitForTest()[pri:0, instance:com.OpenCart.TestCases.T2_LoginPageTest@6069db50]" started-at="2025-09-14T16:17:42 IST" name="waitForTest" finished-at="2025-09-14T16:17:43 IST" duration-ms="1008" status="PASS">
          <reporter-output>
          </reporter-output>
        </test-method> <!-- waitForTest -->
      </class> <!-- com.OpenCart.TestCases.T2_LoginPageTest -->
      <class name="com.OpenCart.TestCases.T1_AccountRegistrationPageTest">
        <test-method is-config="true" signature="setUp()[pri:0, instance:com.OpenCart.TestCases.T1_AccountRegistrationPageTest@3bb9a3ff]" started-at="2025-09-14T16:15:22 IST" name="setUp" finished-at="2025-09-14T16:15:28 IST" duration-ms="5588" status="PASS">
          <reporter-output>
          </reporter-output>
        </test-method> <!-- setUp -->
        <test-method signature="navigatediffwayOfRegister()[pri:0, instance:com.OpenCart.TestCases.T1_AccountRegistrationPageTest@3bb9a3ff]" started-at="2025-09-14T16:15:28 IST" name="navigatediffwayOfRegister" finished-at="2025-09-14T16:15:29 IST" duration-ms="642" status="PASS">
          <reporter-output>
          </reporter-output>
        </test-method> <!-- navigatediffwayOfRegister -->
        <test-method is-config="true" signature="tearDown()[pri:0, instance:com.OpenCart.TestCases.T1_AccountRegistrationPageTest@3bb9a3ff]" started-at="2025-09-14T16:15:29 IST" name="tearDown" finished-at="2025-09-14T16:15:29 IST" duration-ms="385" status="PASS">
          <reporter-output>
          </reporter-output>
        </test-method> <!-- tearDown -->
        <test-method is-config="true" signature="waitForTest()[pri:0, instance:com.OpenCart.TestCases.T1_AccountRegistrationPageTest@3bb9a3ff]" started-at="2025-09-14T16:15:29 IST" name="waitForTest" finished-at="2025-09-14T16:15:30 IST" duration-ms="1011" status="PASS">
          <reporter-output>
          </reporter-output>
        </test-method> <!-- waitForTest -->
        <test-method is-config="true" signature="setUp()[pri:0, instance:com.OpenCart.TestCases.T1_AccountRegistrationPageTest@3bb9a3ff]" started-at="2025-09-14T16:15:30 IST" name="setUp" finished-at="2025-09-14T16:15:34 IST" duration-ms="4136" status="PASS">
          <reporter-output>
          </reporter-output>
        </test-method> <!-- setUp -->
        <test-method signature="validateMandatoryField()[pri:0, instance:com.OpenCart.TestCases.T1_AccountRegistrationPageTest@3bb9a3ff]" started-at="2025-09-14T16:15:34 IST" name="validateMandatoryField" finished-at="2025-09-14T16:15:37 IST" duration-ms="2846" status="PASS">
          <reporter-output>
          </reporter-output>
        </test-method> <!-- validateMandatoryField -->
        <test-method is-config="true" signature="tearDown()[pri:0, instance:com.OpenCart.TestCases.T1_AccountRegistrationPageTest@3bb9a3ff]" started-at="2025-09-14T16:15:37 IST" name="tearDown" finished-at="2025-09-14T16:15:37 IST" duration-ms="334" status="PASS">
          <reporter-output>
          </reporter-output>
        </test-method> <!-- tearDown -->
        <test-method is-config="true" signature="waitForTest()[pri:0, instance:com.OpenCart.TestCases.T1_AccountRegistrationPageTest@3bb9a3ff]" started-at="2025-09-14T16:15:37 IST" name="waitForTest" finished-at="2025-09-14T16:15:38 IST" duration-ms="1010" status="PASS">
          <reporter-output>
          </reporter-output>
        </test-method> <!-- waitForTest -->
        <test-method is-config="true" signature="setUp()[pri:0, instance:com.OpenCart.TestCases.T1_AccountRegistrationPageTest@3bb9a3ff]" started-at="2025-09-14T16:15:38 IST" name="setUp" finished-at="2025-09-14T16:15:42 IST" duration-ms="4101" status="PASS">
          <reporter-output>
          </reporter-output>
        </test-method> <!-- setUp -->
        <test-method signature="validateNewsletterNoButton()[pri:0, instance:com.OpenCart.TestCases.T1_AccountRegistrationPageTest@3bb9a3ff]" started-at="2025-09-14T16:15:42 IST" name="validateNewsletterNoButton" finished-at="2025-09-14T16:15:45 IST" duration-ms="2661" status="PASS">
          <reporter-output>
          </reporter-output>
        </test-method> <!-- validateNewsletterNoButton -->
        <test-method is-config="true" signature="tearDown()[pri:0, instance:com.OpenCart.TestCases.T1_AccountRegistrationPageTest@3bb9a3ff]" started-at="2025-09-14T16:15:45 IST" name="tearDown" finished-at="2025-09-14T16:15:45 IST" duration-ms="338" status="PASS">
          <reporter-output>
          </reporter-output>
        </test-method> <!-- tearDown -->
        <test-method is-config="true" signature="waitForTest()[pri:0, instance:com.OpenCart.TestCases.T1_AccountRegistrationPageTest@3bb9a3ff]" started-at="2025-09-14T16:15:45 IST" name="waitForTest" finished-at="2025-09-14T16:15:46 IST" duration-ms="1013" status="PASS">
          <reporter-output>
          </reporter-output>
        </test-method> <!-- waitForTest -->
        <test-method is-config="true" signature="setUp()[pri:0, instance:com.OpenCart.TestCases.T1_AccountRegistrationPageTest@3bb9a3ff]" started-at="2025-09-14T16:15:46 IST" name="setUp" finished-at="2025-09-14T16:15:50 IST" duration-ms="4038" status="PASS">
          <reporter-output>
          </reporter-output>
        </test-method> <!-- setUp -->
        <test-method signature="validateNewsletterYesButton()[pri:0, instance:com.OpenCart.TestCases.T1_AccountRegistrationPageTest@3bb9a3ff]" started-at="2025-09-14T16:15:50 IST" name="validateNewsletterYesButton" finished-at="2025-09-14T16:15:55 IST" duration-ms="4052" status="PASS">
          <reporter-output>
          </reporter-output>
        </test-method> <!-- validateNewsletterYesButton -->
        <test-method is-config="true" signature="tearDown()[pri:0, instance:com.OpenCart.TestCases.T1_AccountRegistrationPageTest@3bb9a3ff]" started-at="2025-09-14T16:15:55 IST" name="tearDown" finished-at="2025-09-14T16:15:55 IST" duration-ms="354" status="PASS">
          <reporter-output>
          </reporter-output>
        </test-method> <!-- tearDown -->
        <test-method is-config="true" signature="waitForTest()[pri:0, instance:com.OpenCart.TestCases.T1_AccountRegistrationPageTest@3bb9a3ff]" started-at="2025-09-14T16:15:55 IST" name="waitForTest" finished-at="2025-09-14T16:15:56 IST" duration-ms="1013" status="PASS">
          <reporter-output>
          </reporter-output>
        </test-method> <!-- waitForTest -->
        <test-method is-config="true" signature="setUp()[pri:0, instance:com.OpenCart.TestCases.T1_AccountRegistrationPageTest@3bb9a3ff]" started-at="2025-09-14T16:15:56 IST" name="setUp" finished-at="2025-09-14T16:16:01 IST" duration-ms="5303" status="PASS">
          <reporter-output>
          </reporter-output>
        </test-method> <!-- setUp -->
        <test-method signature="validateWithInvalidEmail()[pri:0, instance:com.OpenCart.TestCases.T1_AccountRegistrationPageTest@3bb9a3ff]" started-at="2025-09-14T16:16:01 IST" name="validateWithInvalidEmail" finished-at="2025-09-14T16:16:03 IST" duration-ms="1397" status="PASS">
          <reporter-output>
          </reporter-output>
        </test-method> <!-- validateWithInvalidEmail -->
        <test-method is-config="true" signature="tearDown()[pri:0, instance:com.OpenCart.TestCases.T1_AccountRegistrationPageTest@3bb9a3ff]" started-at="2025-09-14T16:16:03 IST" name="tearDown" finished-at="2025-09-14T16:16:03 IST" duration-ms="297" status="PASS">
          <reporter-output>
          </reporter-output>
        </test-method> <!-- tearDown -->
        <test-method is-config="true" signature="waitForTest()[pri:0, instance:com.OpenCart.TestCases.T1_AccountRegistrationPageTest@3bb9a3ff]" started-at="2025-09-14T16:16:03 IST" name="waitForTest" finished-at="2025-09-14T16:16:04 IST" duration-ms="1006" status="PASS">
          <reporter-output>
          </reporter-output>
        </test-method> <!-- waitForTest -->
        <test-method is-config="true" signature="setUp()[pri:0, instance:com.OpenCart.TestCases.T1_AccountRegistrationPageTest@3bb9a3ff]" started-at="2025-09-14T16:16:04 IST" name="setUp" finished-at="2025-09-14T16:16:08 IST" duration-ms="4547" status="PASS">
          <reporter-output>
          </reporter-output>
        </test-method> <!-- setUp -->
        <test-method signature="validateWithInvalidphone()[pri:0, instance:com.OpenCart.TestCases.T1_AccountRegistrationPageTest@3bb9a3ff]" started-at="2025-09-14T16:16:08 IST" name="validateWithInvalidphone" finished-at="2025-09-14T16:16:10 IST" duration-ms="1403" status="PASS">
          <reporter-output>
          </reporter-output>
        </test-method> <!-- validateWithInvalidphone -->
        <test-method is-config="true" signature="tearDown()[pri:0, instance:com.OpenCart.TestCases.T1_AccountRegistrationPageTest@3bb9a3ff]" started-at="2025-09-14T16:16:10 IST" name="tearDown" finished-at="2025-09-14T16:16:10 IST" duration-ms="329" status="PASS">
          <reporter-output>
          </reporter-output>
        </test-method> <!-- tearDown -->
        <test-method is-config="true" signature="waitForTest()[pri:0, instance:com.OpenCart.TestCases.T1_AccountRegistrationPageTest@3bb9a3ff]" started-at="2025-09-14T16:16:10 IST" name="waitForTest" finished-at="2025-09-14T16:16:11 IST" duration-ms="1004" status="PASS">
          <reporter-output>
          </reporter-output>
        </test-method> <!-- waitForTest -->
        <test-method is-config="true" signature="setUp()[pri:0, instance:com.OpenCart.TestCases.T1_AccountRegistrationPageTest@3bb9a3ff]" started-at="2025-09-14T16:16:11 IST" name="setUp" finished-at="2025-09-14T16:16:15 IST" duration-ms="4038" status="PASS">
          <reporter-output>
          </reporter-output>
        </test-method> <!-- setUp -->
        <test-method signature="validatebothpassword()[pri:0, instance:com.OpenCart.TestCases.T1_AccountRegistrationPageTest@3bb9a3ff]" started-at="2025-09-14T16:16:15 IST" name="validatebothpassword" finished-at="2025-09-14T16:16:17 IST" duration-ms="1720" status="PASS">
          <reporter-output>
          </reporter-output>
        </test-method> <!-- validatebothpassword -->
        <test-method is-config="true" signature="tearDown()[pri:0, instance:com.OpenCart.TestCases.T1_AccountRegistrationPageTest@3bb9a3ff]" started-at="2025-09-14T16:16:17 IST" name="tearDown" finished-at="2025-09-14T16:16:17 IST" duration-ms="338" status="PASS">
          <reporter-output>
          </reporter-output>
        </test-method> <!-- tearDown -->
        <test-method is-config="true" signature="waitForTest()[pri:0, instance:com.OpenCart.TestCases.T1_AccountRegistrationPageTest@3bb9a3ff]" started-at="2025-09-14T16:16:17 IST" name="waitForTest" finished-at="2025-09-14T16:16:18 IST" duration-ms="1013" status="PASS">
          <reporter-output>
          </reporter-output>
        </test-method> <!-- waitForTest -->
      </class> <!-- com.OpenCart.TestCases.T1_AccountRegistrationPageTest -->
    </test> <!-- Test -->
  </suite> <!-- Suite -->
</testng-results>
