<?xml version="1.0" encoding="UTF-8"?>
<testng-results ignored="11" total="12" passed="1" failed="0" skipped="0">
  <reporter-output>
  </reporter-output>
  <suite started-at="2025-09-14T15:10:39 IST" name="Failed suite [Suite]" finished-at="2025-09-14T15:10:48 IST" duration-ms="8767">
    <groups>
    </groups>
    <test started-at="2025-09-14T15:10:39 IST" name="Test(failed)" finished-at="2025-09-14T15:10:48 IST" duration-ms="8767">
      <class name="com.OpenCart.TestCases.T2_LoginPageTest">
        <test-method is-config="true" signature="setUp()[pri:0, instance:com.OpenCart.TestCases.T2_LoginPageTest@36fc695d]" started-at="2025-09-14T15:10:39 IST" name="setUp" finished-at="2025-09-14T15:10:45 IST" duration-ms="5267" status="PASS">
          <reporter-output>
          </reporter-output>
        </test-method> <!-- setUp -->
        <test-method signature="TC_LF_009_validateBrowserbackbutton()[pri:3, instance:com.OpenCart.TestCases.T2_LoginPageTest@36fc695d]" started-at="2025-09-14T15:10:45 IST" name="TC_LF_009_validateBrowserbackbutton" finished-at="2025-09-14T15:10:47 IST" duration-ms="1948" status="PASS">
          <reporter-output>
          </reporter-output>
        </test-method> <!-- TC_LF_009_validateBrowserbackbutton -->
        <test-method is-config="true" signature="tearDown()[pri:0, instance:com.OpenCart.TestCases.T2_LoginPageTest@36fc695d]" started-at="2025-09-14T15:10:47 IST" name="tearDown" finished-at="2025-09-14T15:10:47 IST" duration-ms="420" status="PASS">
          <reporter-output>
          </reporter-output>
        </test-method> <!-- tearDown -->
        <test-method is-config="true" signature="waitForTest()[pri:0, instance:com.OpenCart.TestCases.T2_LoginPageTest@36fc695d]" started-at="2025-09-14T15:10:47 IST" name="waitForTest" finished-at="2025-09-14T15:10:48 IST" duration-ms="1011" status="PASS">
          <reporter-output>
          </reporter-output>
        </test-method> <!-- waitForTest -->
      </class> <!-- com.OpenCart.TestCases.T2_LoginPageTest -->
    </test> <!-- Test(failed) -->
  </suite> <!-- Failed suite [Suite] -->
</testng-results>
