<?xml version="1.0" encoding="UTF-8"?>
<testng-results ignored="0" total="5" passed="5" failed="0" skipped="0">
  <reporter-output>
  </reporter-output>
  <suite started-at="2025-09-08T19:28:36 IST" name="Default suite" finished-at="2025-09-08T19:29:22 IST" duration-ms="45567">
    <groups>
    </groups>
    <test started-at="2025-09-08T19:28:36 IST" name="Default test" finished-at="2025-09-08T19:29:22 IST" duration-ms="45567">
      <class name="com.OpenCart.TestCases.T1_AccountRegistrationPageTest">
        <test-method is-config="true" signature="setUp()[pri:0, instance:com.OpenCart.TestCases.T1_AccountRegistrationPageTest@765d7657]" started-at="2025-09-08T19:28:36 IST" name="setUp" finished-at="2025-09-08T19:28:44 IST" duration-ms="7754" status="PASS">
          <reporter-output>
          </reporter-output>
        </test-method> <!-- setUp -->
        <test-method signature="navigatediffwayOfRegister()[pri:0, instance:com.OpenCart.TestCases.T1_AccountRegistrationPageTest@765d7657]" started-at="2025-09-08T19:28:44 IST" name="navigatediffwayOfRegister" finished-at="2025-09-08T19:28:46 IST" duration-ms="2384" status="PASS">
          <reporter-output>
          </reporter-output>
        </test-method> <!-- navigatediffwayOfRegister -->
        <test-method is-config="true" signature="tearDown()[pri:0, instance:com.OpenCart.TestCases.T1_AccountRegistrationPageTest@765d7657]" started-at="2025-09-08T19:28:46 IST" name="tearDown" finished-at="2025-09-08T19:28:47 IST" duration-ms="520" status="PASS">
          <reporter-output>
          </reporter-output>
        </test-method> <!-- tearDown -->
        <test-method is-config="true" signature="waitForTest()[pri:0, instance:com.OpenCart.TestCases.T1_AccountRegistrationPageTest@765d7657]" started-at="2025-09-08T19:28:47 IST" name="waitForTest" finished-at="2025-09-08T19:28:48 IST" duration-ms="1006" status="PASS">
          <reporter-output>
          </reporter-output>
        </test-method> <!-- waitForTest -->
        <test-method is-config="true" signature="setUp()[pri:0, instance:com.OpenCart.TestCases.T1_AccountRegistrationPageTest@765d7657]" started-at="2025-09-08T19:28:48 IST" name="setUp" finished-at="2025-09-08T19:28:53 IST" duration-ms="5358" status="PASS">
          <reporter-output>
          </reporter-output>
        </test-method> <!-- setUp -->
        <test-method signature="validateMandatoryField()[pri:0, instance:com.OpenCart.TestCases.T1_AccountRegistrationPageTest@765d7657]" started-at="2025-09-08T19:28:53 IST" name="validateMandatoryField" finished-at="2025-09-08T19:28:56 IST" duration-ms="2636" status="PASS">
          <reporter-output>
          </reporter-output>
        </test-method> <!-- validateMandatoryField -->
        <test-method is-config="true" signature="tearDown()[pri:0, instance:com.OpenCart.TestCases.T1_AccountRegistrationPageTest@765d7657]" started-at="2025-09-08T19:28:56 IST" name="tearDown" finished-at="2025-09-08T19:28:56 IST" duration-ms="398" status="PASS">
          <reporter-output>
          </reporter-output>
        </test-method> <!-- tearDown -->
        <test-method is-config="true" signature="waitForTest()[pri:0, instance:com.OpenCart.TestCases.T1_AccountRegistrationPageTest@765d7657]" started-at="2025-09-08T19:28:56 IST" name="waitForTest" finished-at="2025-09-08T19:28:57 IST" duration-ms="1007" status="PASS">
          <reporter-output>
          </reporter-output>
        </test-method> <!-- waitForTest -->
        <test-method is-config="true" signature="setUp()[pri:0, instance:com.OpenCart.TestCases.T1_AccountRegistrationPageTest@765d7657]" started-at="2025-09-08T19:28:57 IST" name="setUp" finished-at="2025-09-08T19:29:01 IST" duration-ms="3676" status="PASS">
          <reporter-output>
          </reporter-output>
        </test-method> <!-- setUp -->
        <test-method signature="validateNewsletterNoButton()[pri:0, instance:com.OpenCart.TestCases.T1_AccountRegistrationPageTest@765d7657]" started-at="2025-09-08T19:29:01 IST" name="validateNewsletterNoButton" finished-at="2025-09-08T19:29:04 IST" duration-ms="2859" status="PASS">
          <reporter-output>
          </reporter-output>
        </test-method> <!-- validateNewsletterNoButton -->
        <test-method is-config="true" signature="tearDown()[pri:0, instance:com.OpenCart.TestCases.T1_AccountRegistrationPageTest@765d7657]" started-at="2025-09-08T19:29:04 IST" name="tearDown" finished-at="2025-09-08T19:29:04 IST" duration-ms="378" status="PASS">
          <reporter-output>
          </reporter-output>
        </test-method> <!-- tearDown -->
        <test-method is-config="true" signature="waitForTest()[pri:0, instance:com.OpenCart.TestCases.T1_AccountRegistrationPageTest@765d7657]" started-at="2025-09-08T19:29:04 IST" name="waitForTest" finished-at="2025-09-08T19:29:05 IST" duration-ms="1013" status="PASS">
          <reporter-output>
          </reporter-output>
        </test-method> <!-- waitForTest -->
        <test-method is-config="true" signature="setUp()[pri:0, instance:com.OpenCart.TestCases.T1_AccountRegistrationPageTest@765d7657]" started-at="2025-09-08T19:29:05 IST" name="setUp" finished-at="2025-09-08T19:29:09 IST" duration-ms="3294" status="PASS">
          <reporter-output>
          </reporter-output>
        </test-method> <!-- setUp -->
        <test-method signature="validateNewsletterYesButton()[pri:0, instance:com.OpenCart.TestCases.T1_AccountRegistrationPageTest@765d7657]" started-at="2025-09-08T19:29:09 IST" name="validateNewsletterYesButton" finished-at="2025-09-08T19:29:12 IST" duration-ms="3734" status="PASS">
          <reporter-output>
          </reporter-output>
        </test-method> <!-- validateNewsletterYesButton -->
        <test-method is-config="true" signature="tearDown()[pri:0, instance:com.OpenCart.TestCases.T1_AccountRegistrationPageTest@765d7657]" started-at="2025-09-08T19:29:12 IST" name="tearDown" finished-at="2025-09-08T19:29:13 IST" duration-ms="498" status="PASS">
          <reporter-output>
          </reporter-output>
        </test-method> <!-- tearDown -->
        <test-method is-config="true" signature="waitForTest()[pri:0, instance:com.OpenCart.TestCases.T1_AccountRegistrationPageTest@765d7657]" started-at="2025-09-08T19:29:13 IST" name="waitForTest" finished-at="2025-09-08T19:29:14 IST" duration-ms="1003" status="PASS">
          <reporter-output>
          </reporter-output>
        </test-method> <!-- waitForTest -->
        <test-method is-config="true" signature="setUp()[pri:0, instance:com.OpenCart.TestCases.T1_AccountRegistrationPageTest@765d7657]" started-at="2025-09-08T19:29:14 IST" name="setUp" finished-at="2025-09-08T19:29:19 IST" duration-ms="5290" status="PASS">
          <reporter-output>
          </reporter-output>
        </test-method> <!-- setUp -->
        <test-method signature="validateWithInvalidEmail()[pri:0, instance:com.OpenCart.TestCases.T1_AccountRegistrationPageTest@765d7657]" started-at="2025-09-08T19:29:19 IST" name="validateWithInvalidEmail" finished-at="2025-09-08T19:29:20 IST" duration-ms="1212" status="PASS">
          <reporter-output>
          </reporter-output>
        </test-method> <!-- validateWithInvalidEmail -->
        <test-method is-config="true" signature="tearDown()[pri:0, instance:com.OpenCart.TestCases.T1_AccountRegistrationPageTest@765d7657]" started-at="2025-09-08T19:29:20 IST" name="tearDown" finished-at="2025-09-08T19:29:21 IST" duration-ms="379" status="PASS">
          <reporter-output>
          </reporter-output>
        </test-method> <!-- tearDown -->
        <test-method is-config="true" signature="waitForTest()[pri:0, instance:com.OpenCart.TestCases.T1_AccountRegistrationPageTest@765d7657]" started-at="2025-09-08T19:29:21 IST" name="waitForTest" finished-at="2025-09-08T19:29:22 IST" duration-ms="1005" status="PASS">
          <reporter-output>
          </reporter-output>
        </test-method> <!-- waitForTest -->
      </class> <!-- com.OpenCart.TestCases.T1_AccountRegistrationPageTest -->
    </test> <!-- Default test -->
  </suite> <!-- Default suite -->
</testng-results>
